<?xml version="1.0" encoding="UTF-8"?>
<Site BuildName="Win32-mingw32-make"
	BuildStamp="20231003-0347-Experimental"
	Name="WIN-UDKOU8NNM0A"
	Generator="ctest-3.27.6"
	CompilerName="C:/mingw64/bin/g++.exe"
	CompilerVersion="13.1.0"
	OSName="Windows"
	Hostname="WIN-UDKOU8NNM0A"
	OSRelease=" Professional"
	OSVersion=" (Build 19044)"
	OSPlatform="AMD64"
	Is64Bits="1"
	VendorString="GenuineIntel"
	VendorID="Intel Corporation"
	FamilyID="6"
	ModelID="15"
	ProcessorCacheSize="-1"
	NumberOfLogicalCPU="44"
	NumberOfPhysicalCPU="22"
	TotalVirtualMemory="75166"
	TotalPhysicalMemory="65438"
	LogicalProcessorsPerPhysical="2"
	ProcessorClockFrequency="2200"
	>
	<Testing>
		<StartDateTime>Oct 03 23:36 中国标准时间</StartDateTime>
		<StartTestTime>1696347406</StartTestTime>
		<TestList/>
		<EndDateTime>Oct 03 23:36 中国标准时间</EndDateTime>
		<EndTestTime>1696347406</EndTestTime>
		<ElapsedMinutes>0</ElapsedMinutes>
	</Testing>
</Site>
